{"C:\\Travail\\Ecole\\Technologies web\\Projet\\MoviesTracker\\src\\api\\tmdb.ts": {"path":"C:\\Travail\\Ecole\\Technologies web\\Projet\\MoviesTracker\\src\\api\\tmdb.ts","statementMap":{"0":{"start":{"line":39,"column":0},"end":{"line":39,"column":7}},"1":{"start":{"line":54,"column":0},"end":{"line":54,"column":7}},"2":{"start":{"line":69,"column":0},"end":{"line":69,"column":7}},"3":{"start":{"line":84,"column":0},"end":{"line":84,"column":7}},"4":{"start":{"line":104,"column":0},"end":{"line":104,"column":7}},"5":{"start":{"line":4,"column":21},"end":{"line":4,"column":55}},"6":{"start":{"line":5,"column":17},"end":{"line":5,"column":47}},"7":{"start":{"line":6,"column":21},"end":{"line":6,"column":51}},"8":{"start":{"line":7,"column":23},"end":{"line":7,"column":51}},"9":{"start":{"line":40,"column":19},"end":{"line":40,"column":117}},"10":{"start":{"line":42,"column":2},"end":{"line":45,"column":3}},"11":{"start":{"line":43,"column":18},"end":{"line":43,"column":39}},"12":{"start":{"line":44,"column":4},"end":{"line":44,"column":81}},"13":{"start":{"line":47,"column":15},"end":{"line":47,"column":36}},"14":{"start":{"line":48,"column":2},"end":{"line":48,"column":28}},"15":{"start":{"line":55,"column":19},"end":{"line":55,"column":113}},"16":{"start":{"line":57,"column":2},"end":{"line":60,"column":3}},"17":{"start":{"line":58,"column":18},"end":{"line":58,"column":39}},"18":{"start":{"line":59,"column":4},"end":{"line":59,"column":81}},"19":{"start":{"line":62,"column":15},"end":{"line":62,"column":36}},"20":{"start":{"line":63,"column":2},"end":{"line":63,"column":14}},"21":{"start":{"line":70,"column":19},"end":{"line":70,"column":133}},"22":{"start":{"line":72,"column":2},"end":{"line":75,"column":3}},"23":{"start":{"line":73,"column":18},"end":{"line":73,"column":39}},"24":{"start":{"line":74,"column":4},"end":{"line":74,"column":81}},"25":{"start":{"line":77,"column":15},"end":{"line":77,"column":36}},"26":{"start":{"line":78,"column":2},"end":{"line":78,"column":33}},"27":{"start":{"line":85,"column":19},"end":{"line":85,"column":103}},"28":{"start":{"line":87,"column":2},"end":{"line":90,"column":3}},"29":{"start":{"line":88,"column":18},"end":{"line":88,"column":39}},"30":{"start":{"line":89,"column":4},"end":{"line":89,"column":81}},"31":{"start":{"line":92,"column":15},"end":{"line":92,"column":36}},"32":{"start":{"line":93,"column":2},"end":{"line":93,"column":14}},"33":{"start":{"line":99,"column":51},"end":{"line":99,"column":55}},"34":{"start":{"line":106,"column":4},"end":{"line":108,"column":5}},"35":{"start":{"line":107,"column":8},"end":{"line":107,"column":43}},"36":{"start":{"line":111,"column":4},"end":{"line":113,"column":5}},"37":{"start":{"line":112,"column":8},"end":{"line":112,"column":37}},"38":{"start":{"line":115,"column":4},"end":{"line":136,"column":5}},"39":{"start":{"line":116,"column":25},"end":{"line":116,"column":127}},"40":{"start":{"line":118,"column":8},"end":{"line":121,"column":9}},"41":{"start":{"line":119,"column":12},"end":{"line":119,"column":43}},"42":{"start":{"line":120,"column":12},"end":{"line":120,"column":63}},"43":{"start":{"line":123,"column":21},"end":{"line":123,"column":42}},"44":{"start":{"line":125,"column":8},"end":{"line":128,"column":9}},"45":{"start":{"line":126,"column":12},"end":{"line":126,"column":43}},"46":{"start":{"line":127,"column":12},"end":{"line":127,"column":22}},"47":{"start":{"line":130,"column":25},"end":{"line":130,"column":80}},"48":{"start":{"line":131,"column":8},"end":{"line":131,"column":45}},"49":{"start":{"line":132,"column":8},"end":{"line":132,"column":24}},"50":{"start":{"line":134,"column":8},"end":{"line":134,"column":39}},"51":{"start":{"line":135,"column":8},"end":{"line":135,"column":20}}},"fnMap":{"0":{"name":"searchMoviesOnTMDB","decl":{"start":{"line":39,"column":22},"end":{"line":39,"column":40}},"loc":{"start":{"line":39,"column":54},"end":{"line":49,"column":1}}},"1":{"name":"getMovieDetails","decl":{"start":{"line":54,"column":22},"end":{"line":54,"column":37}},"loc":{"start":{"line":54,"column":53},"end":{"line":64,"column":1}}},"2":{"name":"searchPerson","decl":{"start":{"line":69,"column":22},"end":{"line":69,"column":34}},"loc":{"start":{"line":69,"column":48},"end":{"line":79,"column":1}}},"3":{"name":"getPersonDetails","decl":{"start":{"line":84,"column":22},"end":{"line":84,"column":38}},"loc":{"start":{"line":84,"column":55},"end":{"line":94,"column":1}}},"4":{"name":"getPersonImage","decl":{"start":{"line":104,"column":22},"end":{"line":104,"column":36}},"loc":{"start":{"line":104,"column":49},"end":{"line":137,"column":1}}}},"branchMap":{"0":{"loc":{"start":{"line":42,"column":2},"end":{"line":45,"column":3}},"type":"if","locations":[{"start":{"line":42,"column":2},"end":{"line":45,"column":3}}]},"1":{"loc":{"start":{"line":48,"column":9},"end":{"line":48,"column":27}},"type":"binary-expr","locations":[{"start":{"line":48,"column":9},"end":{"line":48,"column":21}},{"start":{"line":48,"column":25},"end":{"line":48,"column":27}}]},"2":{"loc":{"start":{"line":57,"column":2},"end":{"line":60,"column":3}},"type":"if","locations":[{"start":{"line":57,"column":2},"end":{"line":60,"column":3}}]},"3":{"loc":{"start":{"line":72,"column":2},"end":{"line":75,"column":3}},"type":"if","locations":[{"start":{"line":72,"column":2},"end":{"line":75,"column":3}}]},"4":{"loc":{"start":{"line":78,"column":9},"end":{"line":78,"column":32}},"type":"binary-expr","locations":[{"start":{"line":78,"column":9},"end":{"line":78,"column":24}},{"start":{"line":78,"column":28},"end":{"line":78,"column":32}}]},"5":{"loc":{"start":{"line":87,"column":2},"end":{"line":90,"column":3}},"type":"if","locations":[{"start":{"line":87,"column":2},"end":{"line":90,"column":3}}]},"6":{"loc":{"start":{"line":106,"column":4},"end":{"line":108,"column":5}},"type":"if","locations":[{"start":{"line":106,"column":4},"end":{"line":108,"column":5}}]},"7":{"loc":{"start":{"line":111,"column":4},"end":{"line":113,"column":5}},"type":"if","locations":[{"start":{"line":111,"column":4},"end":{"line":113,"column":5}}]},"8":{"loc":{"start":{"line":118,"column":8},"end":{"line":121,"column":9}},"type":"if","locations":[{"start":{"line":118,"column":8},"end":{"line":121,"column":9}}]},"9":{"loc":{"start":{"line":125,"column":8},"end":{"line":128,"column":9}},"type":"if","locations":[{"start":{"line":125,"column":8},"end":{"line":128,"column":9}}]},"10":{"loc":{"start":{"line":125,"column":12},"end":{"line":125,"column":87}},"type":"binary-expr","locations":[{"start":{"line":125,"column":12},"end":{"line":125,"column":25}},{"start":{"line":125,"column":29},"end":{"line":125,"column":54}},{"start":{"line":125,"column":58},"end":{"line":125,"column":87}}]}},"s":{"0":1,"1":1,"2":1,"3":1,"4":1,"5":1,"6":1,"7":1,"8":1,"9":0,"10":0,"11":0,"12":0,"13":0,"14":0,"15":0,"16":0,"17":0,"18":0,"19":0,"20":0,"21":0,"22":0,"23":0,"24":0,"25":0,"26":0,"27":0,"28":0,"29":0,"30":0,"31":0,"32":0,"33":1,"34":0,"35":0,"36":0,"37":0,"38":0,"39":0,"40":0,"41":0,"42":0,"43":0,"44":0,"45":0,"46":0,"47":0,"48":0,"49":0,"50":0,"51":0},"f":{"0":0,"1":0,"2":0,"3":0,"4":0},"b":{"0":[0],"1":[0,0],"2":[0],"3":[0],"4":[0,0],"5":[0],"6":[0],"7":[0],"8":[0],"9":[0],"10":[0,0,0]}}
,"C:\\Travail\\Ecole\\Technologies web\\Projet\\MoviesTracker\\src\\controllers\\FilmController.ts": {"path":"C:\\Travail\\Ecole\\Technologies web\\Projet\\MoviesTracker\\src\\controllers\\FilmController.ts","statementMap":{"0":{"start":{"line":18,"column":0},"end":{"line":18,"column":16}},"1":{"start":{"line":52,"column":0},"end":{"line":52,"column":16}},"2":{"start":{"line":67,"column":0},"end":{"line":67,"column":7}},"3":{"start":{"line":91,"column":0},"end":{"line":91,"column":7}},"4":{"start":{"line":110,"column":0},"end":{"line":110,"column":7}},"5":{"start":{"line":119,"column":0},"end":{"line":119,"column":16}},"6":{"start":{"line":126,"column":0},"end":{"line":126,"column":7}},"7":{"start":{"line":149,"column":0},"end":{"line":149,"column":7}},"8":{"start":{"line":163,"column":0},"end":{"line":163,"column":7}},"9":{"start":{"line":182,"column":0},"end":{"line":182,"column":16}},"10":{"start":{"line":192,"column":0},"end":{"line":192,"column":16}},"11":{"start":{"line":235,"column":0},"end":{"line":235,"column":16}},"12":{"start":{"line":292,"column":0},"end":{"line":292,"column":16}},"13":{"start":{"line":3,"column":0},"end":{"line":3,"column":47}},"14":{"start":{"line":4,"column":0},"end":{"line":4,"column":66}},"15":{"start":{"line":6,"column":0},"end":{"line":6,"column":54}},"16":{"start":{"line":7,"column":0},"end":{"line":7,"column":33}},"17":{"start":{"line":10,"column":50},"end":{"line":10,"column":52}},"18":{"start":{"line":11,"column":35},"end":{"line":11,"column":39}},"19":{"start":{"line":12,"column":27},"end":{"line":12,"column":29}},"20":{"start":{"line":13,"column":48},"end":{"line":13,"column":52}},"21":{"start":{"line":14,"column":42},"end":{"line":14,"column":46}},"22":{"start":{"line":20,"column":4},"end":{"line":31,"column":7}},"23":{"start":{"line":21,"column":28},"end":{"line":21,"column":48}},"24":{"start":{"line":22,"column":23},"end":{"line":22,"column":48}},"25":{"start":{"line":23,"column":24},"end":{"line":23,"column":52}},"26":{"start":{"line":25,"column":8},"end":{"line":30,"column":9}},"27":{"start":{"line":26,"column":12},"end":{"line":26,"column":59}},"28":{"start":{"line":27,"column":12},"end":{"line":27,"column":66}},"29":{"start":{"line":27,"column":41},"end":{"line":27,"column":64}},"30":{"start":{"line":29,"column":12},"end":{"line":29,"column":75}},"31":{"start":{"line":34,"column":4},"end":{"line":48,"column":7}},"32":{"start":{"line":35,"column":28},"end":{"line":35,"column":48}},"33":{"start":{"line":36,"column":23},"end":{"line":36,"column":48}},"34":{"start":{"line":37,"column":24},"end":{"line":37,"column":52}},"35":{"start":{"line":39,"column":22},"end":{"line":39,"column":52}},"36":{"start":{"line":40,"column":21},"end":{"line":40,"column":53}},"37":{"start":{"line":40,"column":37},"end":{"line":40,"column":52}},"38":{"start":{"line":42,"column":8},"end":{"line":47,"column":9}},"39":{"start":{"line":43,"column":31},"end":{"line":43,"column":88}},"40":{"start":{"line":44,"column":12},"end":{"line":46,"column":13}},"41":{"start":{"line":45,"column":16},"end":{"line":45,"column":46}},"42":{"start":{"line":53,"column":24},"end":{"line":53,"column":78}},"43":{"start":{"line":54,"column":4},"end":{"line":63,"column":5}},"44":{"start":{"line":55,"column":8},"end":{"line":62,"column":11}},"45":{"start":{"line":68,"column":25},"end":{"line":85,"column":7}},"46":{"start":{"line":69,"column":8},"end":{"line":83,"column":9}},"47":{"start":{"line":70,"column":34},"end":{"line":70,"column":70}},"48":{"start":{"line":71,"column":12},"end":{"line":80,"column":13}},"49":{"start":{"line":72,"column":38},"end":{"line":75,"column":38}},"50":{"start":{"line":73,"column":38},"end":{"line":73,"column":100}},"51":{"start":{"line":74,"column":20},"end":{"line":74,"column":52}},"52":{"start":{"line":77,"column":16},"end":{"line":79,"column":17}},"53":{"start":{"line":78,"column":20},"end":{"line":78,"column":97}},"54":{"start":{"line":82,"column":12},"end":{"line":82,"column":82}},"55":{"start":{"line":84,"column":8},"end":{"line":84,"column":20}},"56":{"start":{"line":87,"column":4},"end":{"line":87,"column":24}},"57":{"start":{"line":92,"column":24},"end":{"line":92,"column":63}},"58":{"start":{"line":93,"column":4},"end":{"line":96,"column":5}},"59":{"start":{"line":94,"column":8},"end":{"line":94,"column":38}},"60":{"start":{"line":95,"column":8},"end":{"line":95,"column":18}},"61":{"start":{"line":98,"column":4},"end":{"line":106,"column":5}},"62":{"start":{"line":99,"column":22},"end":{"line":99,"column":55}},"63":{"start":{"line":100,"column":8},"end":{"line":100,"column":41}},"64":{"start":{"line":101,"column":8},"end":{"line":101,"column":21}},"65":{"start":{"line":103,"column":8},"end":{"line":103,"column":69}},"66":{"start":{"line":104,"column":8},"end":{"line":104,"column":38}},"67":{"start":{"line":105,"column":8},"end":{"line":105,"column":18}},"68":{"start":{"line":111,"column":4},"end":{"line":114,"column":5}},"69":{"start":{"line":113,"column":8},"end":{"line":113,"column":72}},"70":{"start":{"line":115,"column":4},"end":{"line":115,"column":29}},"71":{"start":{"line":120,"column":4},"end":{"line":122,"column":5}},"72":{"start":{"line":121,"column":8},"end":{"line":121,"column":90}},"73":{"start":{"line":128,"column":18},"end":{"line":128,"column":44}},"74":{"start":{"line":131,"column":30},"end":{"line":131,"column":68}},"75":{"start":{"line":131,"column":51},"end":{"line":131,"column":67}},"76":{"start":{"line":132,"column":4},"end":{"line":138,"column":5}},"77":{"start":{"line":134,"column":8},"end":{"line":134,"column":40}},"78":{"start":{"line":137,"column":8},"end":{"line":137,"column":25}},"79":{"start":{"line":141,"column":4},"end":{"line":141,"column":67}},"80":{"start":{"line":142,"column":4},"end":{"line":142,"column":37}},"81":{"start":{"line":145,"column":4},"end":{"line":145,"column":25}},"82":{"start":{"line":150,"column":4},"end":{"line":150,"column":42}},"83":{"start":{"line":150,"column":35},"end":{"line":150,"column":42}},"84":{"start":{"line":153,"column":4},"end":{"line":153,"column":85}},"85":{"start":{"line":153,"column":68},"end":{"line":153,"column":83}},"86":{"start":{"line":156,"column":4},"end":{"line":156,"column":86}},"87":{"start":{"line":159,"column":4},"end":{"line":159,"column":44}},"88":{"start":{"line":164,"column":4},"end":{"line":166,"column":5}},"89":{"start":{"line":165,"column":8},"end":{"line":165,"column":43}},"90":{"start":{"line":168,"column":18},"end":{"line":168,"column":75}},"91":{"start":{"line":168,"column":58},"end":{"line":168,"column":74}},"92":{"start":{"line":169,"column":4},"end":{"line":171,"column":5}},"93":{"start":{"line":170,"column":8},"end":{"line":170,"column":43}},"94":{"start":{"line":173,"column":21},"end":{"line":173,"column":32}},"95":{"start":{"line":174,"column":4},"end":{"line":176,"column":6}},"96":{"start":{"line":175,"column":8},"end":{"line":175,"column":39}},"97":{"start":{"line":177,"column":4},"end":{"line":177,"column":29}},"98":{"start":{"line":178,"column":4},"end":{"line":178,"column":44}},"99":{"start":{"line":184,"column":4},"end":{"line":184,"column":46}},"100":{"start":{"line":185,"column":4},"end":{"line":185,"column":37}},"101":{"start":{"line":188,"column":4},"end":{"line":188,"column":83}},"102":{"start":{"line":193,"column":24},"end":{"line":193,"column":53}},"103":{"start":{"line":194,"column":4},"end":{"line":194,"column":43}},"104":{"start":{"line":195,"column":4},"end":{"line":203,"column":6}},"105":{"start":{"line":204,"column":4},"end":{"line":204,"column":23}},"106":{"start":{"line":210,"column":4},"end":{"line":220,"column":7}},"107":{"start":{"line":211,"column":8},"end":{"line":219,"column":11}},"108":{"start":{"line":212,"column":27},"end":{"line":212,"column":67}},"109":{"start":{"line":213,"column":27},"end":{"line":213,"column":61}},"110":{"start":{"line":214,"column":12},"end":{"line":218,"column":13}},"111":{"start":{"line":215,"column":16},"end":{"line":217,"column":17}},"112":{"start":{"line":216,"column":20},"end":{"line":216,"column":68}},"113":{"start":{"line":223,"column":4},"end":{"line":231,"column":7}},"114":{"start":{"line":224,"column":8},"end":{"line":230,"column":11}},"115":{"start":{"line":225,"column":27},"end":{"line":225,"column":67}},"116":{"start":{"line":226,"column":27},"end":{"line":226,"column":74}},"117":{"start":{"line":227,"column":12},"end":{"line":229,"column":13}},"118":{"start":{"line":228,"column":16},"end":{"line":228,"column":40}},"119":{"start":{"line":237,"column":4},"end":{"line":240,"column":5}},"120":{"start":{"line":238,"column":8},"end":{"line":238,"column":71}},"121":{"start":{"line":239,"column":8},"end":{"line":239,"column":15}},"122":{"start":{"line":243,"column":17},"end":{"line":243,"column":75}},"123":{"start":{"line":243,"column":59},"end":{"line":243,"column":74}},"124":{"start":{"line":244,"column":4},"end":{"line":247,"column":5}},"125":{"start":{"line":245,"column":8},"end":{"line":245,"column":41}},"126":{"start":{"line":246,"column":8},"end":{"line":246,"column":15}},"127":{"start":{"line":250,"column":4},"end":{"line":250,"column":34}},"128":{"start":{"line":253,"column":23},"end":{"line":253,"column":80}},"129":{"start":{"line":254,"column":23},"end":{"line":254,"column":76}},"130":{"start":{"line":255,"column":26},"end":{"line":255,"column":78}},"131":{"start":{"line":256,"column":26},"end":{"line":256,"column":85}},"132":{"start":{"line":257,"column":22},"end":{"line":257,"column":81}},"133":{"start":{"line":258,"column":26},"end":{"line":258,"column":84}},"134":{"start":{"line":259,"column":24},"end":{"line":259,"column":75}},"135":{"start":{"line":260,"column":22},"end":{"line":260,"column":83}},"136":{"start":{"line":261,"column":27},"end":{"line":261,"column":85}},"137":{"start":{"line":262,"column":24},"end":{"line":262,"column":78}},"138":{"start":{"line":265,"column":4},"end":{"line":265,"column":34}},"139":{"start":{"line":266,"column":4},"end":{"line":266,"column":31}},"140":{"start":{"line":267,"column":4},"end":{"line":267,"column":45}},"141":{"start":{"line":268,"column":4},"end":{"line":268,"column":31}},"142":{"start":{"line":269,"column":4},"end":{"line":269,"column":48}},"143":{"start":{"line":270,"column":4},"end":{"line":270,"column":34}},"144":{"start":{"line":271,"column":4},"end":{"line":271,"column":43}},"145":{"start":{"line":272,"column":4},"end":{"line":272,"column":34}},"146":{"start":{"line":273,"column":4},"end":{"line":273,"column":46}},"147":{"start":{"line":274,"column":4},"end":{"line":274,"column":30}},"148":{"start":{"line":275,"column":4},"end":{"line":275,"column":40}},"149":{"start":{"line":276,"column":4},"end":{"line":276,"column":34}},"150":{"start":{"line":277,"column":4},"end":{"line":277,"column":45}},"151":{"start":{"line":278,"column":4},"end":{"line":278,"column":44}},"152":{"start":{"line":279,"column":4},"end":{"line":279,"column":43}},"153":{"start":{"line":280,"column":4},"end":{"line":280,"column":37}},"154":{"start":{"line":281,"column":4},"end":{"line":281,"column":32}},"155":{"start":{"line":284,"column":25},"end":{"line":284,"column":68}},"156":{"start":{"line":285,"column":4},"end":{"line":288,"column":5}},"157":{"start":{"line":286,"column":8},"end":{"line":286,"column":67}},"158":{"start":{"line":287,"column":8},"end":{"line":287,"column":48}},"159":{"start":{"line":294,"column":5},"end":{"line":294,"column":75}},"160":{"start":{"line":295,"column":5},"end":{"line":295,"column":81}},"161":{"start":{"line":296,"column":5},"end":{"line":296,"column":71}},"162":{"start":{"line":297,"column":5},"end":{"line":297,"column":77}},"163":{"start":{"line":298,"column":5},"end":{"line":298,"column":70}},"164":{"start":{"line":299,"column":5},"end":{"line":299,"column":76}},"165":{"start":{"line":300,"column":5},"end":{"line":300,"column":77}},"166":{"start":{"line":301,"column":5},"end":{"line":301,"column":77}},"167":{"start":{"line":302,"column":5},"end":{"line":302,"column":76}},"168":{"start":{"line":303,"column":5},"end":{"line":303,"column":69}},"169":{"start":{"line":304,"column":5},"end":{"line":304,"column":79}},"170":{"start":{"line":305,"column":5},"end":{"line":305,"column":76}},"171":{"start":{"line":306,"column":5},"end":{"line":306,"column":72}},"172":{"start":{"line":309,"column":25},"end":{"line":309,"column":68}},"173":{"start":{"line":310,"column":4},"end":{"line":313,"column":5}},"174":{"start":{"line":311,"column":8},"end":{"line":311,"column":45}},"175":{"start":{"line":312,"column":8},"end":{"line":312,"column":51}},"176":{"start":{"line":316,"column":17},"end":{"line":316,"column":47}},"177":{"start":{"line":317,"column":4},"end":{"line":319,"column":5}},"178":{"start":{"line":318,"column":8},"end":{"line":318,"column":43}},"179":{"start":{"line":322,"column":4},"end":{"line":322,"column":32}}},"fnMap":{"0":{"name":"initializeFilters","decl":{"start":{"line":18,"column":16},"end":{"line":18,"column":33}},"loc":{"start":{"line":18,"column":33},"end":{"line":49,"column":1}}},"1":{"name":"(anonymous_2)","decl":{"start":{"line":20,"column":44},"end":{"line":20,"column":49}},"loc":{"start":{"line":20,"column":67},"end":{"line":31,"column":5}}},"2":{"name":"(anonymous_3)","decl":{"start":{"line":27,"column":30},"end":{"line":27,"column":37}},"loc":{"start":{"line":27,"column":41},"end":{"line":27,"column":64}}},"3":{"name":"(anonymous_4)","decl":{"start":{"line":34,"column":42},"end":{"line":34,"column":43}},"loc":{"start":{"line":34,"column":59},"end":{"line":48,"column":5}}},"4":{"name":"(anonymous_5)","decl":{"start":{"line":40,"column":32},"end":{"line":40,"column":33}},"loc":{"start":{"line":40,"column":37},"end":{"line":40,"column":52}}},"5":{"name":"initializeGenres","decl":{"start":{"line":52,"column":16},"end":{"line":52,"column":32}},"loc":{"start":{"line":52,"column":32},"end":{"line":64,"column":1}}},"6":{"name":"updateMoviePosters","decl":{"start":{"line":67,"column":22},"end":{"line":67,"column":40}},"loc":{"start":{"line":67,"column":54},"end":{"line":88,"column":1}}},"7":{"name":"(anonymous_8)","decl":{"start":{"line":68,"column":53},"end":{"line":68,"column":58}},"loc":{"start":{"line":68,"column":68},"end":{"line":85,"column":5}}},"8":{"name":"(anonymous_9)","decl":{"start":{"line":72,"column":57},"end":{"line":72,"column":58}},"loc":{"start":{"line":72,"column":61},"end":{"line":75,"column":17}}},"9":{"name":"chargerFilms","decl":{"start":{"line":91,"column":22},"end":{"line":91,"column":34}},"loc":{"start":{"line":91,"column":49},"end":{"line":107,"column":1}}},"10":{"name":"chargerFilmsParDefaut","decl":{"start":{"line":110,"column":22},"end":{"line":110,"column":43}},"loc":{"start":{"line":110,"column":43},"end":{"line":116,"column":1}}},"11":{"name":"sauvegarderFilms","decl":{"start":{"line":119,"column":16},"end":{"line":119,"column":32}},"loc":{"start":{"line":119,"column":47},"end":{"line":123,"column":1}}},"12":{"name":"ajouterFilm","decl":{"start":{"line":126,"column":22},"end":{"line":126,"column":33}},"loc":{"start":{"line":126,"column":60},"end":{"line":146,"column":1}}},"13":{"name":"(anonymous_14)","decl":{"start":{"line":131,"column":46},"end":{"line":131,"column":47}},"loc":{"start":{"line":131,"column":51},"end":{"line":131,"column":67}}},"14":{"name":"supprimerFilmUtilisateur","decl":{"start":{"line":149,"column":22},"end":{"line":149,"column":46}},"loc":{"start":{"line":149,"column":77},"end":{"line":160,"column":1}}},"15":{"name":"(anonymous_16)","decl":{"start":{"line":153,"column":63},"end":{"line":153,"column":64}},"loc":{"start":{"line":153,"column":68},"end":{"line":153,"column":83}}},"16":{"name":"modifierFilmUtilisateur","decl":{"start":{"line":163,"column":22},"end":{"line":163,"column":45}},"loc":{"start":{"line":163,"column":72},"end":{"line":179,"column":1}}},"17":{"name":"(anonymous_18)","decl":{"start":{"line":168,"column":53},"end":{"line":168,"column":54}},"loc":{"start":{"line":168,"column":58},"end":{"line":168,"column":74}}},"18":{"name":"(anonymous_19)","decl":{"start":{"line":174,"column":60},"end":{"line":174,"column":61}},"loc":{"start":{"line":175,"column":8},"end":{"line":175,"column":39}}},"19":{"name":"afficherFilms","decl":{"start":{"line":182,"column":16},"end":{"line":182,"column":29}},"loc":{"start":{"line":182,"column":43},"end":{"line":189,"column":1}}},"20":{"name":"createFilmCard","decl":{"start":{"line":192,"column":16},"end":{"line":192,"column":30}},"loc":{"start":{"line":192,"column":41},"end":{"line":205,"column":1}}},"21":{"name":"addFilmCardEventListeners","decl":{"start":{"line":208,"column":9},"end":{"line":208,"column":34}},"loc":{"start":{"line":208,"column":53},"end":{"line":232,"column":1}}},"22":{"name":"(anonymous_23)","decl":{"start":{"line":210,"column":54},"end":{"line":210,"column":55}},"loc":{"start":{"line":210,"column":62},"end":{"line":220,"column":5}}},"23":{"name":"(anonymous_24)","decl":{"start":{"line":211,"column":38},"end":{"line":211,"column":39}},"loc":{"start":{"line":211,"column":48},"end":{"line":219,"column":9}}},"24":{"name":"(anonymous_25)","decl":{"start":{"line":223,"column":52},"end":{"line":223,"column":53}},"loc":{"start":{"line":223,"column":60},"end":{"line":231,"column":5}}},"25":{"name":"(anonymous_26)","decl":{"start":{"line":224,"column":38},"end":{"line":224,"column":39}},"loc":{"start":{"line":224,"column":48},"end":{"line":230,"column":9}}},"26":{"name":"handleEditClick","decl":{"start":{"line":235,"column":16},"end":{"line":235,"column":31}},"loc":{"start":{"line":235,"column":46},"end":{"line":289,"column":1}}},"27":{"name":"(anonymous_28)","decl":{"start":{"line":243,"column":54},"end":{"line":243,"column":55}},"loc":{"start":{"line":243,"column":59},"end":{"line":243,"column":74}}},"28":{"name":"resetForm","decl":{"start":{"line":292,"column":16},"end":{"line":292,"column":25}},"loc":{"start":{"line":292,"column":25},"end":{"line":323,"column":1}}}},"branchMap":{"0":{"loc":{"start":{"line":39,"column":22},"end":{"line":39,"column":52}},"type":"binary-expr","locations":[{"start":{"line":39,"column":22},"end":{"line":39,"column":46}},{"start":{"line":39,"column":50},"end":{"line":39,"column":52}}]},"1":{"loc":{"start":{"line":42,"column":8},"end":{"line":47,"column":9}},"type":"if","locations":[{"start":{"line":42,"column":8},"end":{"line":47,"column":9}}]},"2":{"loc":{"start":{"line":44,"column":12},"end":{"line":46,"column":13}},"type":"if","locations":[{"start":{"line":44,"column":12},"end":{"line":46,"column":13}}]},"3":{"loc":{"start":{"line":54,"column":4},"end":{"line":63,"column":5}},"type":"if","locations":[{"start":{"line":54,"column":4},"end":{"line":63,"column":5}}]},"4":{"loc":{"start":{"line":71,"column":12},"end":{"line":80,"column":13}},"type":"if","locations":[{"start":{"line":71,"column":12},"end":{"line":80,"column":13}}]},"5":{"loc":{"start":{"line":71,"column":16},"end":{"line":71,"column":57}},"type":"binary-expr","locations":[{"start":{"line":71,"column":16},"end":{"line":71,"column":29}},{"start":{"line":71,"column":33},"end":{"line":71,"column":57}}]},"6":{"loc":{"start":{"line":72,"column":38},"end":{"line":75,"column":38}},"type":"binary-expr","locations":[{"start":{"line":72,"column":38},"end":{"line":75,"column":18}},{"start":{"line":75,"column":22},"end":{"line":75,"column":38}}]},"7":{"loc":{"start":{"line":73,"column":38},"end":{"line":73,"column":100}},"type":"cond-expr","locations":[{"start":{"line":73,"column":55},"end":{"line":73,"column":93}},{"start":{"line":73,"column":96},"end":{"line":73,"column":100}}]},"8":{"loc":{"start":{"line":77,"column":16},"end":{"line":79,"column":17}},"type":"if","locations":[{"start":{"line":77,"column":16},"end":{"line":79,"column":17}}]},"9":{"loc":{"start":{"line":93,"column":4},"end":{"line":96,"column":5}},"type":"if","locations":[{"start":{"line":93,"column":4},"end":{"line":96,"column":5}}]},"10":{"loc":{"start":{"line":111,"column":4},"end":{"line":114,"column":5}},"type":"if","locations":[{"start":{"line":111,"column":4},"end":{"line":114,"column":5}}]},"11":{"loc":{"start":{"line":120,"column":4},"end":{"line":122,"column":5}},"type":"if","locations":[{"start":{"line":120,"column":4},"end":{"line":122,"column":5}}]},"12":{"loc":{"start":{"line":132,"column":4},"end":{"line":138,"column":5}},"type":"if","locations":[{"start":{"line":132,"column":4},"end":{"line":138,"column":5}},{"start":{"line":135,"column":11},"end":{"line":138,"column":5}}]},"13":{"loc":{"start":{"line":150,"column":4},"end":{"line":150,"column":42}},"type":"if","locations":[{"start":{"line":150,"column":4},"end":{"line":150,"column":42}}]},"14":{"loc":{"start":{"line":164,"column":4},"end":{"line":166,"column":5}},"type":"if","locations":[{"start":{"line":164,"column":4},"end":{"line":166,"column":5}}]},"15":{"loc":{"start":{"line":169,"column":4},"end":{"line":171,"column":5}},"type":"if","locations":[{"start":{"line":169,"column":4},"end":{"line":171,"column":5}}]},"16":{"loc":{"start":{"line":175,"column":8},"end":{"line":175,"column":39}},"type":"cond-expr","locations":[{"start":{"line":175,"column":27},"end":{"line":175,"column":35}},{"start":{"line":175,"column":38},"end":{"line":175,"column":39}}]},"17":{"loc":{"start":{"line":213,"column":36},"end":{"line":213,"column":60}},"type":"binary-expr","locations":[{"start":{"line":213,"column":36},"end":{"line":213,"column":53}},{"start":{"line":213,"column":57},"end":{"line":213,"column":60}}]},"18":{"loc":{"start":{"line":214,"column":12},"end":{"line":218,"column":13}},"type":"if","locations":[{"start":{"line":214,"column":12},"end":{"line":218,"column":13}}]},"19":{"loc":{"start":{"line":214,"column":16},"end":{"line":214,"column":39}},"type":"binary-expr","locations":[{"start":{"line":214,"column":16},"end":{"line":214,"column":22}},{"start":{"line":214,"column":26},"end":{"line":214,"column":39}}]},"20":{"loc":{"start":{"line":215,"column":16},"end":{"line":217,"column":17}},"type":"if","locations":[{"start":{"line":215,"column":16},"end":{"line":217,"column":17}}]},"21":{"loc":{"start":{"line":226,"column":36},"end":{"line":226,"column":73}},"type":"binary-expr","locations":[{"start":{"line":226,"column":36},"end":{"line":226,"column":66}},{"start":{"line":226,"column":70},"end":{"line":226,"column":73}}]},"22":{"loc":{"start":{"line":227,"column":12},"end":{"line":229,"column":13}},"type":"if","locations":[{"start":{"line":227,"column":12},"end":{"line":229,"column":13}}]},"23":{"loc":{"start":{"line":227,"column":16},"end":{"line":227,"column":39}},"type":"binary-expr","locations":[{"start":{"line":227,"column":16},"end":{"line":227,"column":22}},{"start":{"line":227,"column":26},"end":{"line":227,"column":39}}]},"24":{"loc":{"start":{"line":237,"column":4},"end":{"line":240,"column":5}},"type":"if","locations":[{"start":{"line":237,"column":4},"end":{"line":240,"column":5}}]},"25":{"loc":{"start":{"line":237,"column":8},"end":{"line":237,"column":58}},"type":"binary-expr","locations":[{"start":{"line":237,"column":8},"end":{"line":237,"column":22}},{"start":{"line":237,"column":26},"end":{"line":237,"column":58}}]},"26":{"loc":{"start":{"line":244,"column":4},"end":{"line":247,"column":5}},"type":"if","locations":[{"start":{"line":244,"column":4},"end":{"line":247,"column":5}}]},"27":{"loc":{"start":{"line":285,"column":4},"end":{"line":288,"column":5}},"type":"if","locations":[{"start":{"line":285,"column":4},"end":{"line":288,"column":5}}]},"28":{"loc":{"start":{"line":310,"column":4},"end":{"line":313,"column":5}},"type":"if","locations":[{"start":{"line":310,"column":4},"end":{"line":313,"column":5}}]},"29":{"loc":{"start":{"line":317,"column":4},"end":{"line":319,"column":5}},"type":"if","locations":[{"start":{"line":317,"column":4},"end":{"line":319,"column":5}}]}},"s":{"0":1,"1":1,"2":1,"3":1,"4":1,"5":1,"6":1,"7":1,"8":1,"9":1,"10":1,"11":1,"12":1,"13":1,"14":1,"15":1,"16":1,"17":1,"18":1,"19":1,"20":1,"21":1,"22":1,"23":1,"24":1,"25":1,"26":1,"27":1,"28":1,"29":1,"30":0,"31":1,"32":1,"33":1,"34":1,"35":1,"36":1,"37":0,"38":1,"39":0,"40":0,"41":0,"42":1,"43":1,"44":1,"45":1,"46":1,"47":1,"48":1,"49":1,"50":1,"51":1,"52":1,"53":1,"54":0,"55":1,"56":1,"57":4,"58":4,"59":4,"60":4,"61":0,"62":0,"63":0,"64":0,"65":0,"66":0,"67":0,"68":0,"69":0,"70":0,"71":2,"72":2,"73":3,"74":3,"75":0,"76":3,"77":0,"78":3,"79":3,"80":3,"81":3,"82":2,"83":0,"84":2,"85":2,"86":2,"87":2,"88":2,"89":0,"90":2,"91":1,"92":2,"93":1,"94":1,"95":1,"96":1,"97":1,"98":1,"99":7,"100":7,"101":7,"102":1,"103":1,"104":1,"105":1,"106":0,"107":0,"108":0,"109":0,"110":0,"111":0,"112":0,"113":0,"114":0,"115":0,"116":0,"117":0,"118":0,"119":1,"120":1,"121":1,"122":0,"123":0,"124":0,"125":0,"126":0,"127":0,"128":0,"129":0,"130":0,"131":0,"132":0,"133":0,"134":0,"135":0,"136":0,"137":0,"138":0,"139":0,"140":0,"141":0,"142":0,"143":0,"144":0,"145":0,"146":0,"147":0,"148":0,"149":0,"150":0,"151":0,"152":0,"153":0,"154":0,"155":0,"156":0,"157":0,"158":0,"159":0,"160":0,"161":0,"162":0,"163":0,"164":0,"165":0,"166":0,"167":0,"168":0,"169":0,"170":0,"171":0,"172":0,"173":0,"174":0,"175":0,"176":0,"177":0,"178":0,"179":0},"f":{"0":1,"1":1,"2":1,"3":1,"4":0,"5":1,"6":1,"7":1,"8":1,"9":4,"10":0,"11":2,"12":3,"13":0,"14":2,"15":2,"16":2,"17":1,"18":1,"19":7,"20":1,"21":0,"22":0,"23":0,"24":0,"25":0,"26":1,"27":0,"28":0},"b":{"0":[1,0],"1":[0],"2":[0],"3":[1],"4":[1],"5":[1,1],"6":[1,0],"7":[1,0],"8":[1],"9":[4],"10":[0],"11":[2],"12":[0,3],"13":[0],"14":[0],"15":[1],"16":[1,0],"17":[0,0],"18":[0],"19":[0,0],"20":[0],"21":[0,0],"22":[0],"23":[0,0],"24":[1],"25":[1,0],"26":[0],"27":[0],"28":[0],"29":[0]}}
,"C:\\Travail\\Ecole\\Technologies web\\Projet\\MoviesTracker\\src\\controllers\\FilterController.ts": {"path":"C:\\Travail\\Ecole\\Technologies web\\Projet\\MoviesTracker\\src\\controllers\\FilterController.ts","statementMap":{"0":{"start":{"line":12,"column":12},"end":{"line":12,"column":31}},"1":{"start":{"line":13,"column":12},"end":{"line":13,"column":39}},"2":{"start":{"line":14,"column":12},"end":{"line":20,"column":6}},"3":{"start":{"line":23,"column":8},"end":{"line":23,"column":33}},"4":{"start":{"line":27,"column":8},"end":{"line":27,"column":27}},"5":{"start":{"line":28,"column":8},"end":{"line":28,"column":28}},"6":{"start":{"line":33,"column":27},"end":{"line":33,"column":86}},"7":{"start":{"line":34,"column":8},"end":{"line":37,"column":11}},"8":{"start":{"line":35,"column":12},"end":{"line":35,"column":53}},"9":{"start":{"line":36,"column":12},"end":{"line":36,"column":32}},"10":{"start":{"line":40,"column":31},"end":{"line":40,"column":94}},"11":{"start":{"line":41,"column":8},"end":{"line":44,"column":11}},"12":{"start":{"line":42,"column":12},"end":{"line":42,"column":61}},"13":{"start":{"line":43,"column":12},"end":{"line":43,"column":32}},"14":{"start":{"line":47,"column":28},"end":{"line":47,"column":88}},"15":{"start":{"line":48,"column":8},"end":{"line":51,"column":11}},"16":{"start":{"line":49,"column":12},"end":{"line":49,"column":55}},"17":{"start":{"line":50,"column":12},"end":{"line":50,"column":32}},"18":{"start":{"line":54,"column":29},"end":{"line":54,"column":84}},"19":{"start":{"line":55,"column":8},"end":{"line":58,"column":11}},"20":{"start":{"line":56,"column":12},"end":{"line":56,"column":96}},"21":{"start":{"line":57,"column":12},"end":{"line":57,"column":32}},"22":{"start":{"line":61,"column":29},"end":{"line":61,"column":84}},"23":{"start":{"line":62,"column":8},"end":{"line":65,"column":11}},"24":{"start":{"line":63,"column":12},"end":{"line":63,"column":96}},"25":{"start":{"line":64,"column":12},"end":{"line":64,"column":32}},"26":{"start":{"line":68,"column":28},"end":{"line":68,"column":68}},"27":{"start":{"line":69,"column":8},"end":{"line":69,"column":74}},"28":{"start":{"line":69,"column":53},"end":{"line":69,"column":72}},"29":{"start":{"line":74,"column":8},"end":{"line":80,"column":10}},"30":{"start":{"line":83,"column":9},"end":{"line":83,"column":90}},"31":{"start":{"line":84,"column":9},"end":{"line":84,"column":85}},"32":{"start":{"line":85,"column":9},"end":{"line":85,"column":82}},"33":{"start":{"line":86,"column":9},"end":{"line":86,"column":77}},"34":{"start":{"line":87,"column":9},"end":{"line":87,"column":77}},"35":{"start":{"line":90,"column":8},"end":{"line":90,"column":28}},"36":{"start":{"line":95,"column":8},"end":{"line":115,"column":11}},"37":{"start":{"line":97,"column":12},"end":{"line":99,"column":13}},"38":{"start":{"line":98,"column":16},"end":{"line":98,"column":29}},"39":{"start":{"line":102,"column":12},"end":{"line":104,"column":13}},"40":{"start":{"line":103,"column":16},"end":{"line":103,"column":29}},"41":{"start":{"line":107,"column":12},"end":{"line":109,"column":13}},"42":{"start":{"line":108,"column":16},"end":{"line":108,"column":29}},"43":{"start":{"line":110,"column":12},"end":{"line":112,"column":13}},"44":{"start":{"line":111,"column":16},"end":{"line":111,"column":29}},"45":{"start":{"line":114,"column":12},"end":{"line":114,"column":24}},"46":{"start":{"line":118,"column":8},"end":{"line":139,"column":11}},"47":{"start":{"line":119,"column":12},"end":{"line":138,"column":13}},"48":{"start":{"line":121,"column":20},"end":{"line":121,"column":107}},"49":{"start":{"line":123,"column":20},"end":{"line":123,"column":107}},"50":{"start":{"line":125,"column":20},"end":{"line":125,"column":58}},"51":{"start":{"line":127,"column":20},"end":{"line":127,"column":58}},"52":{"start":{"line":129,"column":20},"end":{"line":129,"column":43}},"53":{"start":{"line":131,"column":20},"end":{"line":131,"column":43}},"54":{"start":{"line":133,"column":20},"end":{"line":133,"column":45}},"55":{"start":{"line":135,"column":20},"end":{"line":135,"column":45}},"56":{"start":{"line":137,"column":20},"end":{"line":137,"column":29}},"57":{"start":{"line":142,"column":8},"end":{"line":142,"column":29}},"58":{"start":{"line":146,"column":26},"end":{"line":146,"column":64}},"59":{"start":{"line":147,"column":8},"end":{"line":147,"column":31}},"60":{"start":{"line":147,"column":24},"end":{"line":147,"column":31}},"61":{"start":{"line":149,"column":8},"end":{"line":149,"column":33}},"62":{"start":{"line":151,"column":8},"end":{"line":171,"column":11}},"63":{"start":{"line":152,"column":29},"end":{"line":169,"column":14}},"64":{"start":{"line":170,"column":12},"end":{"line":170,"column":44}},"65":{"start":{"line":174,"column":8},"end":{"line":174,"column":42}},"66":{"start":{"line":179,"column":8},"end":{"line":187,"column":11}},"67":{"start":{"line":180,"column":12},"end":{"line":186,"column":15}},"68":{"start":{"line":181,"column":31},"end":{"line":181,"column":71}},"69":{"start":{"line":182,"column":31},"end":{"line":182,"column":78}},"70":{"start":{"line":184,"column":36},"end":{"line":184,"column":89}},"71":{"start":{"line":185,"column":16},"end":{"line":185,"column":52}},"72":{"start":{"line":190,"column":8},"end":{"line":198,"column":11}},"73":{"start":{"line":191,"column":12},"end":{"line":197,"column":15}},"74":{"start":{"line":192,"column":31},"end":{"line":192,"column":71}},"75":{"start":{"line":193,"column":31},"end":{"line":193,"column":78}},"76":{"start":{"line":195,"column":34},"end":{"line":195,"column":85}},"77":{"start":{"line":196,"column":16},"end":{"line":196,"column":50}},"78":{"start":{"line":11,"column":0},"end":{"line":11,"column":13}}},"fnMap":{"0":{"name":"(anonymous_0)","decl":{"start":{"line":22,"column":4},"end":{"line":22,"column":null}},"loc":{"start":{"line":22,"column":4},"end":{"line":24,"column":5}}},"1":{"name":"(anonymous_1)","decl":{"start":{"line":26,"column":4},"end":{"line":26,"column":12}},"loc":{"start":{"line":26,"column":26},"end":{"line":29,"column":5}}},"2":{"name":"(anonymous_2)","decl":{"start":{"line":31,"column":12},"end":{"line":31,"column":29}},"loc":{"start":{"line":31,"column":29},"end":{"line":70,"column":5}}},"3":{"name":"(anonymous_3)","decl":{"start":{"line":34,"column":47},"end":{"line":34,"column":50}},"loc":{"start":{"line":34,"column":52},"end":{"line":37,"column":9}}},"4":{"name":"(anonymous_4)","decl":{"start":{"line":41,"column":51},"end":{"line":41,"column":54}},"loc":{"start":{"line":41,"column":56},"end":{"line":44,"column":9}}},"5":{"name":"(anonymous_5)","decl":{"start":{"line":48,"column":48},"end":{"line":48,"column":51}},"loc":{"start":{"line":48,"column":53},"end":{"line":51,"column":9}}},"6":{"name":"(anonymous_6)","decl":{"start":{"line":55,"column":49},"end":{"line":55,"column":52}},"loc":{"start":{"line":55,"column":54},"end":{"line":58,"column":9}}},"7":{"name":"(anonymous_7)","decl":{"start":{"line":62,"column":49},"end":{"line":62,"column":52}},"loc":{"start":{"line":62,"column":54},"end":{"line":65,"column":9}}},"8":{"name":"(anonymous_8)","decl":{"start":{"line":69,"column":47},"end":{"line":69,"column":50}},"loc":{"start":{"line":69,"column":53},"end":{"line":69,"column":72}}},"9":{"name":"(anonymous_9)","decl":{"start":{"line":72,"column":12},"end":{"line":72,"column":24}},"loc":{"start":{"line":72,"column":24},"end":{"line":91,"column":5}}},"10":{"name":"(anonymous_10)","decl":{"start":{"line":93,"column":12},"end":{"line":93,"column":24}},"loc":{"start":{"line":93,"column":24},"end":{"line":143,"column":5}}},"11":{"name":"(anonymous_11)","decl":{"start":{"line":95,"column":47},"end":{"line":95,"column":51}},"loc":{"start":{"line":95,"column":54},"end":{"line":115,"column":9}}},"12":{"name":"(anonymous_12)","decl":{"start":{"line":118,"column":32},"end":{"line":118,"column":33}},"loc":{"start":{"line":118,"column":41},"end":{"line":139,"column":9}}},"13":{"name":"(anonymous_13)","decl":{"start":{"line":145,"column":12},"end":{"line":145,"column":25}},"loc":{"start":{"line":145,"column":25},"end":{"line":175,"column":5}}},"14":{"name":"(anonymous_14)","decl":{"start":{"line":151,"column":35},"end":{"line":151,"column":36}},"loc":{"start":{"line":151,"column":44},"end":{"line":171,"column":9}}},"15":{"name":"(anonymous_15)","decl":{"start":{"line":177,"column":12},"end":{"line":177,"column":38}},"loc":{"start":{"line":177,"column":38},"end":{"line":199,"column":5}}},"16":{"name":"(anonymous_16)","decl":{"start":{"line":179,"column":57},"end":{"line":179,"column":60}},"loc":{"start":{"line":179,"column":63},"end":{"line":187,"column":9}}},"17":{"name":"(anonymous_17)","decl":{"start":{"line":180,"column":42},"end":{"line":180,"column":43}},"loc":{"start":{"line":180,"column":52},"end":{"line":186,"column":13}}},"18":{"name":"(anonymous_18)","decl":{"start":{"line":190,"column":55},"end":{"line":190,"column":58}},"loc":{"start":{"line":190,"column":61},"end":{"line":198,"column":9}}},"19":{"name":"(anonymous_19)","decl":{"start":{"line":191,"column":42},"end":{"line":191,"column":43}},"loc":{"start":{"line":191,"column":52},"end":{"line":197,"column":13}}}},"branchMap":{"0":{"loc":{"start":{"line":56,"column":39},"end":{"line":56,"column":95}},"type":"cond-expr","locations":[{"start":{"line":56,"column":60},"end":{"line":56,"column":88}},{"start":{"line":56,"column":91},"end":{"line":56,"column":95}}]},"1":{"loc":{"start":{"line":63,"column":39},"end":{"line":63,"column":95}},"type":"cond-expr","locations":[{"start":{"line":63,"column":60},"end":{"line":63,"column":88}},{"start":{"line":63,"column":91},"end":{"line":63,"column":95}}]},"2":{"loc":{"start":{"line":97,"column":12},"end":{"line":99,"column":13}},"type":"if","locations":[{"start":{"line":97,"column":12},"end":{"line":99,"column":13}}]},"3":{"loc":{"start":{"line":97,"column":16},"end":{"line":97,"column":90}},"type":"binary-expr","locations":[{"start":{"line":97,"column":16},"end":{"line":97,"column":41}},{"start":{"line":97,"column":45},"end":{"line":97,"column":90}}]},"4":{"loc":{"start":{"line":102,"column":12},"end":{"line":104,"column":13}},"type":"if","locations":[{"start":{"line":102,"column":12},"end":{"line":104,"column":13}}]},"5":{"loc":{"start":{"line":102,"column":16},"end":{"line":102,"column":87}},"type":"binary-expr","locations":[{"start":{"line":102,"column":16},"end":{"line":102,"column":38}},{"start":{"line":102,"column":42},"end":{"line":102,"column":87}}]},"6":{"loc":{"start":{"line":107,"column":12},"end":{"line":109,"column":13}},"type":"if","locations":[{"start":{"line":107,"column":12},"end":{"line":109,"column":13}}]},"7":{"loc":{"start":{"line":107,"column":16},"end":{"line":107,"column":81}},"type":"binary-expr","locations":[{"start":{"line":107,"column":16},"end":{"line":107,"column":40}},{"start":{"line":107,"column":44},"end":{"line":107,"column":81}}]},"8":{"loc":{"start":{"line":110,"column":12},"end":{"line":112,"column":13}},"type":"if","locations":[{"start":{"line":110,"column":12},"end":{"line":112,"column":13}}]},"9":{"loc":{"start":{"line":110,"column":16},"end":{"line":110,"column":81}},"type":"binary-expr","locations":[{"start":{"line":110,"column":16},"end":{"line":110,"column":40}},{"start":{"line":110,"column":44},"end":{"line":110,"column":81}}]},"10":{"loc":{"start":{"line":119,"column":12},"end":{"line":138,"column":13}},"type":"switch","locations":[{"start":{"line":120,"column":16},"end":{"line":121,"column":107}},{"start":{"line":122,"column":16},"end":{"line":123,"column":107}},{"start":{"line":124,"column":16},"end":{"line":125,"column":58}},{"start":{"line":126,"column":16},"end":{"line":127,"column":58}},{"start":{"line":128,"column":16},"end":{"line":129,"column":43}},{"start":{"line":130,"column":16},"end":{"line":131,"column":43}},{"start":{"line":132,"column":16},"end":{"line":133,"column":45}},{"start":{"line":134,"column":16},"end":{"line":135,"column":45}},{"start":{"line":136,"column":16},"end":{"line":137,"column":29}}]},"11":{"loc":{"start":{"line":147,"column":8},"end":{"line":147,"column":31}},"type":"if","locations":[{"start":{"line":147,"column":8},"end":{"line":147,"column":31}}]},"12":{"loc":{"start":{"line":182,"column":40},"end":{"line":182,"column":77}},"type":"binary-expr","locations":[{"start":{"line":182,"column":40},"end":{"line":182,"column":70}},{"start":{"line":182,"column":74},"end":{"line":182,"column":77}}]},"13":{"loc":{"start":{"line":193,"column":40},"end":{"line":193,"column":77}},"type":"binary-expr","locations":[{"start":{"line":193,"column":40},"end":{"line":193,"column":70}},{"start":{"line":193,"column":74},"end":{"line":193,"column":77}}]}},"s":{"0":7,"1":7,"2":7,"3":7,"4":7,"5":7,"6":7,"7":7,"8":0,"9":0,"10":7,"11":7,"12":0,"13":0,"14":7,"15":7,"16":0,"17":0,"18":7,"19":7,"20":0,"21":0,"22":7,"23":7,"24":0,"25":0,"26":7,"27":7,"28":0,"29":0,"30":0,"31":0,"32":0,"33":0,"34":0,"35":0,"36":7,"37":5,"38":0,"39":5,"40":0,"41":5,"42":0,"43":5,"44":0,"45":5,"46":7,"47":0,"48":0,"49":0,"50":0,"51":0,"52":0,"53":0,"54":0,"55":0,"56":0,"57":7,"58":7,"59":7,"60":7,"61":0,"62":0,"63":0,"64":0,"65":0,"66":0,"67":0,"68":0,"69":0,"70":0,"71":0,"72":0,"73":0,"74":0,"75":0,"76":0,"77":0,"78":1},"f":{"0":7,"1":7,"2":7,"3":0,"4":0,"5":0,"6":0,"7":0,"8":0,"9":0,"10":7,"11":5,"12":0,"13":7,"14":0,"15":0,"16":0,"17":0,"18":0,"19":0},"b":{"0":[0,0],"1":[0,0],"2":[0],"3":[5,0],"4":[0],"5":[5,0],"6":[0],"7":[5,0],"8":[0],"9":[5,0],"10":[0,0,0,0,0,0,0,0,0],"11":[7],"12":[0,0],"13":[0,0]}}
,"C:\\Travail\\Ecole\\Technologies web\\Projet\\MoviesTracker\\src\\utils\\fetchData.ts": {"path":"C:\\Travail\\Ecole\\Technologies web\\Projet\\MoviesTracker\\src\\utils\\fetchData.ts","statementMap":{"0":{"start":{"line":2,"column":0},"end":{"line":2,"column":7}},"1":{"start":{"line":3,"column":21},"end":{"line":3,"column":37}},"2":{"start":{"line":4,"column":4},"end":{"line":6,"column":5}},"3":{"start":{"line":5,"column":6},"end":{"line":5,"column":67}},"4":{"start":{"line":7,"column":4},"end":{"line":7,"column":27}}},"fnMap":{"0":{"name":"fetchData","decl":{"start":{"line":2,"column":22},"end":{"line":2,"column":31}},"loc":{"start":{"line":2,"column":46},"end":{"line":8,"column":3}}}},"branchMap":{"0":{"loc":{"start":{"line":4,"column":4},"end":{"line":6,"column":5}},"type":"if","locations":[{"start":{"line":4,"column":4},"end":{"line":6,"column":5}}]}},"s":{"0":1,"1":0,"2":0,"3":0,"4":0},"f":{"0":0},"b":{"0":[0]}}
}
