TN:
SF:src\api\tmdb.ts
FN:39,searchMoviesOnTMDB
FN:54,getMovieDetails
FN:69,searchPerson
FN:84,getPersonDetails
FN:104,getPersonImage
FNF:5
FNH:0
FNDA:0,searchMoviesOnTMDB
FNDA:0,getMovieDetails
FNDA:0,searchPerson
FNDA:0,getPersonDetails
FNDA:0,getPersonImage
DA:4,1
DA:5,1
DA:6,1
DA:7,1
DA:39,1
DA:40,0
DA:42,0
DA:43,0
DA:44,0
DA:47,0
DA:48,0
DA:54,1
DA:55,0
DA:57,0
DA:58,0
DA:59,0
DA:62,0
DA:63,0
DA:69,1
DA:70,0
DA:72,0
DA:73,0
DA:74,0
DA:77,0
DA:78,0
DA:84,1
DA:85,0
DA:87,0
DA:88,0
DA:89,0
DA:92,0
DA:93,0
DA:99,1
DA:104,1
DA:106,0
DA:107,0
DA:111,0
DA:112,0
DA:115,0
DA:116,0
DA:118,0
DA:119,0
DA:120,0
DA:123,0
DA:125,0
DA:126,0
DA:127,0
DA:130,0
DA:131,0
DA:132,0
DA:134,0
DA:135,0
LF:52
LH:10
BRDA:42,0,0,0
BRDA:48,1,0,0
BRDA:48,1,1,0
BRDA:57,2,0,0
BRDA:72,3,0,0
BRDA:78,4,0,0
BRDA:78,4,1,0
BRDA:87,5,0,0
BRDA:106,6,0,0
BRDA:111,7,0,0
BRDA:118,8,0,0
BRDA:125,9,0,0
BRDA:125,10,0,0
BRDA:125,10,1,0
BRDA:125,10,2,0
BRF:15
BRH:0
end_of_record
TN:
SF:src\controllers\FilmController.ts
FN:18,initializeFilters
FN:20,(anonymous_2)
FN:27,(anonymous_3)
FN:34,(anonymous_4)
FN:40,(anonymous_5)
FN:52,initializeGenres
FN:67,updateMoviePosters
FN:68,(anonymous_8)
FN:72,(anonymous_9)
FN:91,chargerFilms
FN:110,chargerFilmsParDefaut
FN:119,sauvegarderFilms
FN:126,ajouterFilm
FN:131,(anonymous_14)
FN:149,supprimerFilmUtilisateur
FN:153,(anonymous_16)
FN:163,modifierFilmUtilisateur
FN:168,(anonymous_18)
FN:174,(anonymous_19)
FN:182,afficherFilms
FN:192,createFilmCard
FN:208,addFilmCardEventListeners
FN:210,(anonymous_23)
FN:211,(anonymous_24)
FN:223,(anonymous_25)
FN:224,(anonymous_26)
FN:235,handleEditClick
FN:243,(anonymous_28)
FN:292,resetForm
FNF:29
FNH:19
FNDA:1,initializeFilters
FNDA:1,(anonymous_2)
FNDA:1,(anonymous_3)
FNDA:1,(anonymous_4)
FNDA:0,(anonymous_5)
FNDA:1,initializeGenres
FNDA:1,updateMoviePosters
FNDA:1,(anonymous_8)
FNDA:1,(anonymous_9)
FNDA:4,chargerFilms
FNDA:0,chargerFilmsParDefaut
FNDA:2,sauvegarderFilms
FNDA:3,ajouterFilm
FNDA:0,(anonymous_14)
FNDA:2,supprimerFilmUtilisateur
FNDA:2,(anonymous_16)
FNDA:2,modifierFilmUtilisateur
FNDA:1,(anonymous_18)
FNDA:1,(anonymous_19)
FNDA:7,afficherFilms
FNDA:1,createFilmCard
FNDA:0,addFilmCardEventListeners
FNDA:0,(anonymous_23)
FNDA:0,(anonymous_24)
FNDA:0,(anonymous_25)
FNDA:0,(anonymous_26)
FNDA:1,handleEditClick
FNDA:0,(anonymous_28)
FNDA:0,resetForm
DA:3,1
DA:4,1
DA:6,1
DA:7,1
DA:10,1
DA:11,1
DA:12,1
DA:13,1
DA:14,1
DA:18,1
DA:20,1
DA:21,1
DA:22,1
DA:23,1
DA:25,1
DA:26,1
DA:27,1
DA:29,0
DA:34,1
DA:35,1
DA:36,1
DA:37,1
DA:39,1
DA:40,1
DA:42,1
DA:43,0
DA:44,0
DA:45,0
DA:52,1
DA:53,1
DA:54,1
DA:55,1
DA:67,1
DA:68,1
DA:69,1
DA:70,1
DA:71,1
DA:72,1
DA:73,1
DA:74,1
DA:77,1
DA:78,1
DA:82,0
DA:84,1
DA:87,1
DA:91,1
DA:92,4
DA:93,4
DA:94,4
DA:95,4
DA:98,0
DA:99,0
DA:100,0
DA:101,0
DA:103,0
DA:104,0
DA:105,0
DA:110,1
DA:111,0
DA:113,0
DA:115,0
DA:119,1
DA:120,2
DA:121,2
DA:126,1
DA:128,3
DA:131,3
DA:132,3
DA:134,0
DA:137,3
DA:141,3
DA:142,3
DA:145,3
DA:149,1
DA:150,2
DA:153,2
DA:156,2
DA:159,2
DA:163,1
DA:164,2
DA:165,0
DA:168,2
DA:169,2
DA:170,1
DA:173,1
DA:174,1
DA:175,1
DA:177,1
DA:178,1
DA:182,1
DA:184,7
DA:185,7
DA:188,7
DA:192,1
DA:193,1
DA:194,1
DA:195,1
DA:204,1
DA:210,0
DA:211,0
DA:212,0
DA:213,0
DA:214,0
DA:215,0
DA:216,0
DA:223,0
DA:224,0
DA:225,0
DA:226,0
DA:227,0
DA:228,0
DA:235,1
DA:237,1
DA:238,1
DA:239,1
DA:243,0
DA:244,0
DA:245,0
DA:246,0
DA:250,0
DA:253,0
DA:254,0
DA:255,0
DA:256,0
DA:257,0
DA:258,0
DA:259,0
DA:260,0
DA:261,0
DA:262,0
DA:265,0
DA:266,0
DA:267,0
DA:268,0
DA:269,0
DA:270,0
DA:271,0
DA:272,0
DA:273,0
DA:274,0
DA:275,0
DA:276,0
DA:277,0
DA:278,0
DA:279,0
DA:280,0
DA:281,0
DA:284,0
DA:285,0
DA:286,0
DA:287,0
DA:292,1
DA:294,0
DA:295,0
DA:296,0
DA:297,0
DA:298,0
DA:299,0
DA:300,0
DA:301,0
DA:302,0
DA:303,0
DA:304,0
DA:305,0
DA:306,0
DA:309,0
DA:310,0
DA:311,0
DA:312,0
DA:316,0
DA:317,0
DA:318,0
DA:322,0
LF:173
LH:86
BRDA:39,0,0,1
BRDA:39,0,1,0
BRDA:42,1,0,0
BRDA:44,2,0,0
BRDA:54,3,0,1
BRDA:71,4,0,1
BRDA:71,5,0,1
BRDA:71,5,1,1
BRDA:72,6,0,1
BRDA:72,6,1,0
BRDA:73,7,0,1
BRDA:73,7,1,0
BRDA:77,8,0,1
BRDA:93,9,0,4
BRDA:111,10,0,0
BRDA:120,11,0,2
BRDA:132,12,0,0
BRDA:132,12,1,3
BRDA:150,13,0,0
BRDA:164,14,0,0
BRDA:169,15,0,1
BRDA:175,16,0,1
BRDA:175,16,1,0
BRDA:213,17,0,0
BRDA:213,17,1,0
BRDA:214,18,0,0
BRDA:214,19,0,0
BRDA:214,19,1,0
BRDA:215,20,0,0
BRDA:226,21,0,0
BRDA:226,21,1,0
BRDA:227,22,0,0
BRDA:227,23,0,0
BRDA:227,23,1,0
BRDA:237,24,0,1
BRDA:237,25,0,1
BRDA:237,25,1,0
BRDA:244,26,0,0
BRDA:285,27,0,0
BRDA:310,28,0,0
BRDA:317,29,0,0
BRF:41
BRH:15
end_of_record
TN:
SF:src\controllers\FilterController.ts
FN:22,(anonymous_0)
FN:26,(anonymous_1)
FN:31,(anonymous_2)
FN:34,(anonymous_3)
FN:41,(anonymous_4)
FN:48,(anonymous_5)
FN:55,(anonymous_6)
FN:62,(anonymous_7)
FN:69,(anonymous_8)
FN:72,(anonymous_9)
FN:93,(anonymous_10)
FN:95,(anonymous_11)
FN:118,(anonymous_12)
FN:145,(anonymous_13)
FN:151,(anonymous_14)
FN:177,(anonymous_15)
FN:179,(anonymous_16)
FN:180,(anonymous_17)
FN:190,(anonymous_18)
FN:191,(anonymous_19)
FNF:20
FNH:6
FNDA:7,(anonymous_0)
FNDA:7,(anonymous_1)
FNDA:7,(anonymous_2)
FNDA:0,(anonymous_3)
FNDA:0,(anonymous_4)
FNDA:0,(anonymous_5)
FNDA:0,(anonymous_6)
FNDA:0,(anonymous_7)
FNDA:0,(anonymous_8)
FNDA:0,(anonymous_9)
FNDA:7,(anonymous_10)
FNDA:5,(anonymous_11)
FNDA:0,(anonymous_12)
FNDA:7,(anonymous_13)
FNDA:0,(anonymous_14)
FNDA:0,(anonymous_15)
FNDA:0,(anonymous_16)
FNDA:0,(anonymous_17)
FNDA:0,(anonymous_18)
FNDA:0,(anonymous_19)
DA:11,1
DA:12,7
DA:13,7
DA:14,7
DA:23,7
DA:27,7
DA:28,7
DA:33,7
DA:34,7
DA:35,0
DA:36,0
DA:40,7
DA:41,7
DA:42,0
DA:43,0
DA:47,7
DA:48,7
DA:49,0
DA:50,0
DA:54,7
DA:55,7
DA:56,0
DA:57,0
DA:61,7
DA:62,7
DA:63,0
DA:64,0
DA:68,7
DA:69,7
DA:74,0
DA:83,0
DA:84,0
DA:85,0
DA:86,0
DA:87,0
DA:90,0
DA:95,7
DA:97,5
DA:98,0
DA:102,5
DA:103,0
DA:107,5
DA:108,0
DA:110,5
DA:111,0
DA:114,5
DA:118,7
DA:119,0
DA:121,0
DA:123,0
DA:125,0
DA:127,0
DA:129,0
DA:131,0
DA:133,0
DA:135,0
DA:137,0
DA:142,7
DA:146,7
DA:147,7
DA:149,0
DA:151,0
DA:152,0
DA:170,0
DA:174,0
DA:179,0
DA:180,0
DA:181,0
DA:182,0
DA:184,0
DA:185,0
DA:190,0
DA:191,0
DA:192,0
DA:193,0
DA:195,0
DA:196,0
LF:77
LH:29
BRDA:56,0,0,0
BRDA:56,0,1,0
BRDA:63,1,0,0
BRDA:63,1,1,0
BRDA:97,2,0,0
BRDA:97,3,0,5
BRDA:97,3,1,0
BRDA:102,4,0,0
BRDA:102,5,0,5
BRDA:102,5,1,0
BRDA:107,6,0,0
BRDA:107,7,0,5
BRDA:107,7,1,0
BRDA:110,8,0,0
BRDA:110,9,0,5
BRDA:110,9,1,0
BRDA:119,10,0,0
BRDA:119,10,1,0
BRDA:119,10,2,0
BRDA:119,10,3,0
BRDA:119,10,4,0
BRDA:119,10,5,0
BRDA:119,10,6,0
BRDA:119,10,7,0
BRDA:119,10,8,0
BRDA:147,11,0,7
BRDA:182,12,0,0
BRDA:182,12,1,0
BRDA:193,13,0,0
BRDA:193,13,1,0
BRF:30
BRH:5
end_of_record
TN:
SF:src\utils\fetchData.ts
FN:2,fetchData
FNF:1
FNH:0
FNDA:0,fetchData
DA:2,1
DA:3,0
DA:4,0
DA:5,0
DA:7,0
LF:5
LH:1
BRDA:4,0,0,0
BRF:1
BRH:0
end_of_record
